<?xml version="1.0" encoding="UTF-8"?>
<!-- Generated by org.testng.reporters.JUnitReportReporter -->
<testsuite hostname="Q10078" name="com.stockAccounting.master.pomexe" tests="1" failures="0" timestamp="29 Aug 2016 08:42:00 GMT" time="20.944" errors="0">
  <testcase name="xyz" time="20.944" classname="com.stockAccounting.master.pomexe"/>
</testsuite> <!-- com.stockAccounting.master.pomexe -->
