<?xml version="1.0" encoding="UTF-8"?>
<!-- Generated by org.testng.reporters.JUnitReportReporter -->
<testsuite hostname="Q10078" name="com.stockAccounting.master.exestcategry" tests="2" failures="0" timestamp="25 Aug 2016 10:35:25 GMT" time="20.785" errors="0">
  <testcase name="uom" time="13.213" classname="com.stockAccounting.master.exestcategry"/>
  <testcase name="stcategry" time="7.572" classname="com.stockAccounting.master.exestcategry"/>
</testsuite> <!-- com.stockAccounting.master.exestcategry -->
