<?xml version="1.0" encoding="UTF-8"?>
<!-- Generated by org.testng.reporters.JUnitReportReporter -->
<testsuite hostname="Q10078" name="com.stockAccounting.master.exeng" tests="3" failures="0" timestamp="26 Aug 2016 10:05:01 GMT" time="37.278" errors="0">
  <testcase name="uom" time="12.957" classname="com.stockAccounting.master.exeng"/>
  <testcase name="uom" time="12.153" classname="com.stockAccounting.master.exeng"/>
  <testcase name="uom" time="12.168" classname="com.stockAccounting.master.exeng"/>
</testsuite> <!-- com.stockAccounting.master.exeng -->
