<?xml version="1.0" encoding="UTF-8"?>
<!-- Generated by org.testng.reporters.JUnitReportReporter -->
<testsuite hostname="Q10078" name="com.stockAccounting.master.exescategory" tests="1" failures="0" timestamp="26 Aug 2016 10:05:01 GMT" time="8.088" errors="0">
  <testcase name="scategory" time="8.088" classname="com.stockAccounting.master.exescategory"/>
</testsuite> <!-- com.stockAccounting.master.exescategory -->
